1768083326.925200 client started (17463): version 3.6a, socket /tmp/tmux-1000/default, protocol 8
1768083326.925210 on Linux 6.18.3-2-cachyos #1 SMP PREEMPT_DYNAMIC Sat, 03 Jan 2026 23:14:07 +0000
1768083326.925216 using libevent 2.1.12-stable poll
1768083326.925220 using ncurses 6.5 20240427
1768083326.925234 flags are 0x10010000
1768083326.925243 socket is /tmp/tmux-1000/default
1768083326.925249 trying connect
1768083326.925264 add peer 0x56282a420bd0: 6 ((nil))
1768083326.925452 sending message 111 to peer 0x56282a420bd0 (8 bytes)
1768083326.925457 sending message 111 to peer 0x56282a420bd0 (8 bytes)
1768083326.925461 sending message 101 to peer 0x56282a420bd0 (14 bytes)
1768083326.925464 sending message 109 to peer 0x56282a420bd0 (4 bytes)
1768083326.925468 sending message 102 to peer 0x56282a420bd0 (11 bytes)
1768083326.925471 sending message 108 to peer 0x56282a420bd0 (27 bytes)
1768083326.925475 sending message 112 to peer 0x56282a420bd0 (70 bytes)
1768083326.925478 sending message 112 to peer 0x56282a420bd0 (5 bytes)
1768083326.925482 sending message 112 to peer 0x56282a420bd0 (5 bytes)
1768083326.925485 sending message 112 to peer 0x56282a420bd0 (6 bytes)
1768083326.925489 sending message 112 to peer 0x56282a420bd0 (6 bytes)
1768083326.925492 sending message 112 to peer 0x56282a420bd0 (11 bytes)
1768083326.925495 sending message 112 to peer 0x56282a420bd0 (10 bytes)
1768083326.925499 sending message 112 to peer 0x56282a420bd0 (13 bytes)
1768083326.925502 sending message 112 to peer 0x56282a420bd0 (13 bytes)
1768083326.925506 sending message 112 to peer 0x56282a420bd0 (18 bytes)
1768083326.925509 sending message 112 to peer 0x56282a420bd0 (11 bytes)
1768083326.925512 sending message 112 to peer 0x56282a420bd0 (10 bytes)
1768083326.925516 sending message 112 to peer 0x56282a420bd0 (15 bytes)
1768083326.925519 sending message 112 to peer 0x56282a420bd0 (21 bytes)
1768083326.925523 sending message 112 to peer 0x56282a420bd0 (13 bytes)
1768083326.925526 sending message 112 to peer 0x56282a420bd0 (7 bytes)
1768083326.925529 sending message 112 to peer 0x56282a420bd0 (13 bytes)
1768083326.925533 sending message 112 to peer 0x56282a420bd0 (7 bytes)
1768083326.925536 sending message 112 to peer 0x56282a420bd0 (13 bytes)
1768083326.925539 sending message 112 to peer 0x56282a420bd0 (9 bytes)
1768083326.925543 sending message 112 to peer 0x56282a420bd0 (21 bytes)
1768083326.925546 sending message 112 to peer 0x56282a420bd0 (13 bytes)
1768083326.925550 sending message 112 to peer 0x56282a420bd0 (8 bytes)
1768083326.925553 sending message 112 to peer 0x56282a420bd0 (12 bytes)
1768083326.925556 sending message 112 to peer 0x56282a420bd0 (13 bytes)
1768083326.925560 sending message 112 to peer 0x56282a420bd0 (9 bytes)
1768083326.925563 sending message 112 to peer 0x56282a420bd0 (9 bytes)
1768083326.925566 sending message 112 to peer 0x56282a420bd0 (12 bytes)
1768083326.925570 sending message 112 to peer 0x56282a420bd0 (8 bytes)
1768083326.925573 sending message 112 to peer 0x56282a420bd0 (8 bytes)
1768083326.925577 sending message 112 to peer 0x56282a420bd0 (7 bytes)
1768083326.925580 sending message 112 to peer 0x56282a420bd0 (7 bytes)
1768083326.925583 sending message 112 to peer 0x56282a420bd0 (9 bytes)
1768083326.925587 sending message 112 to peer 0x56282a420bd0 (13 bytes)
1768083326.925590 sending message 112 to peer 0x56282a420bd0 (6 bytes)
1768083326.925594 sending message 112 to peer 0x56282a420bd0 (9 bytes)
1768083326.925597 sending message 112 to peer 0x56282a420bd0 (15 bytes)
1768083326.925600 sending message 112 to peer 0x56282a420bd0 (13 bytes)
1768083326.925604 sending message 112 to peer 0x56282a420bd0 (12 bytes)
1768083326.925607 sending message 112 to peer 0x56282a420bd0 (8 bytes)
1768083326.925610 sending message 112 to peer 0x56282a420bd0 (14 bytes)
1768083326.925614 sending message 112 to peer 0x56282a420bd0 (11 bytes)
1768083326.925617 sending message 112 to peer 0x56282a420bd0 (9 bytes)
1768083326.925621 sending message 112 to peer 0x56282a420bd0 (10 bytes)
1768083326.925624 sending message 112 to peer 0x56282a420bd0 (10 bytes)
1768083326.925631 sending message 112 to peer 0x56282a420bd0 (10 bytes)
1768083326.925637 sending message 112 to peer 0x56282a420bd0 (10 bytes)
1768083326.925640 sending message 112 to peer 0x56282a420bd0 (11 bytes)
1768083326.925644 sending message 112 to peer 0x56282a420bd0 (12 bytes)
1768083326.925647 sending message 112 to peer 0x56282a420bd0 (12 bytes)
1768083326.925650 sending message 112 to peer 0x56282a420bd0 (12 bytes)
1768083326.925654 sending message 112 to peer 0x56282a420bd0 (12 bytes)
1768083326.925657 sending message 112 to peer 0x56282a420bd0 (12 bytes)
1768083326.925661 sending message 112 to peer 0x56282a420bd0 (11 bytes)
1768083326.925664 sending message 112 to peer 0x56282a420bd0 (11 bytes)
1768083326.925668 sending message 112 to peer 0x56282a420bd0 (12 bytes)
1768083326.925671 sending message 112 to peer 0x56282a420bd0 (12 bytes)
1768083326.925675 sending message 112 to peer 0x56282a420bd0 (12 bytes)
1768083326.925678 sending message 112 to peer 0x56282a420bd0 (12 bytes)
1768083326.925682 sending message 112 to peer 0x56282a420bd0 (12 bytes)
1768083326.925685 sending message 112 to peer 0x56282a420bd0 (10 bytes)
1768083326.925688 sending message 112 to peer 0x56282a420bd0 (12 bytes)
1768083326.925692 sending message 112 to peer 0x56282a420bd0 (13 bytes)
1768083326.925695 sending message 112 to peer 0x56282a420bd0 (13 bytes)
1768083326.925699 sending message 112 to peer 0x56282a420bd0 (13 bytes)
1768083326.925702 sending message 112 to peer 0x56282a420bd0 (13 bytes)
1768083326.925706 sending message 112 to peer 0x56282a420bd0 (13 bytes)
1768083326.925709 sending message 112 to peer 0x56282a420bd0 (8 bytes)
1768083326.925713 sending message 112 to peer 0x56282a420bd0 (11 bytes)
1768083326.925716 sending message 112 to peer 0x56282a420bd0 (11 bytes)
1768083326.925720 sending message 112 to peer 0x56282a420bd0 (11 bytes)
1768083326.925723 sending message 112 to peer 0x56282a420bd0 (12 bytes)
1768083326.925726 sending message 112 to peer 0x56282a420bd0 (12 bytes)
1768083326.925730 sending message 112 to peer 0x56282a420bd0 (12 bytes)
1768083326.925733 sending message 112 to peer 0x56282a420bd0 (12 bytes)
1768083326.925737 sending message 112 to peer 0x56282a420bd0 (13 bytes)
1768083326.925740 sending message 112 to peer 0x56282a420bd0 (13 bytes)
1768083326.925744 sending message 112 to peer 0x56282a420bd0 (13 bytes)
1768083326.925747 sending message 112 to peer 0x56282a420bd0 (8 bytes)
1768083326.925751 sending message 112 to peer 0x56282a420bd0 (13 bytes)
1768083326.925754 sending message 112 to peer 0x56282a420bd0 (13 bytes)
1768083326.925758 sending message 112 to peer 0x56282a420bd0 (13 bytes)
1768083326.925761 sending message 112 to peer 0x56282a420bd0 (13 bytes)
1768083326.925765 sending message 112 to peer 0x56282a420bd0 (13 bytes)
1768083326.925768 sending message 112 to peer 0x56282a420bd0 (12 bytes)
1768083326.925772 sending message 112 to peer 0x56282a420bd0 (12 bytes)
1768083326.925775 sending message 112 to peer 0x56282a420bd0 (12 bytes)
1768083326.925778 sending message 112 to peer 0x56282a420bd0 (12 bytes)
1768083326.925782 sending message 112 to peer 0x56282a420bd0 (13 bytes)
1768083326.925785 sending message 112 to peer 0x56282a420bd0 (8 bytes)
1768083326.925789 sending message 112 to peer 0x56282a420bd0 (13 bytes)
1768083326.925792 sending message 112 to peer 0x56282a420bd0 (13 bytes)
1768083326.925796 sending message 112 to peer 0x56282a420bd0 (13 bytes)
1768083326.925799 sending message 112 to peer 0x56282a420bd0 (13 bytes)
1768083326.925803 sending message 112 to peer 0x56282a420bd0 (13 bytes)
1768083326.925806 sending message 112 to peer 0x56282a420bd0 (13 bytes)
1768083326.925810 sending message 112 to peer 0x56282a420bd0 (13 bytes)
1768083326.925813 sending message 112 to peer 0x56282a420bd0 (12 bytes)
1768083326.925817 sending message 112 to peer 0x56282a420bd0 (12 bytes)
1768083326.925820 sending message 112 to peer 0x56282a420bd0 (12 bytes)
1768083326.925824 sending message 112 to peer 0x56282a420bd0 (8 bytes)
1768083326.925827 sending message 112 to peer 0x56282a420bd0 (12 bytes)
1768083326.925833 sending message 112 to peer 0x56282a420bd0 (13 bytes)
1768083326.925903 sending message 112 to peer 0x56282a420bd0 (13 bytes)
1768083326.925908 sending message 112 to peer 0x56282a420bd0 (13 bytes)
1768083326.925911 sending message 112 to peer 0x56282a420bd0 (13 bytes)
1768083326.925915 sending message 112 to peer 0x56282a420bd0 (13 bytes)
1768083326.925918 sending message 112 to peer 0x56282a420bd0 (13 bytes)
1768083326.925922 sending message 112 to peer 0x56282a420bd0 (13 bytes)
1768083326.925925 sending message 112 to peer 0x56282a420bd0 (13 bytes)
1768083326.925928 sending message 112 to peer 0x56282a420bd0 (12 bytes)
1768083326.925932 sending message 112 to peer 0x56282a420bd0 (10 bytes)
1768083326.925936 sending message 112 to peer 0x56282a420bd0 (12 bytes)
1768083326.925939 sending message 112 to peer 0x56282a420bd0 (12 bytes)
1768083326.925942 sending message 112 to peer 0x56282a420bd0 (12 bytes)
1768083326.925946 sending message 112 to peer 0x56282a420bd0 (13 bytes)
1768083326.925949 sending message 112 to peer 0x56282a420bd0 (13 bytes)
1768083326.925953 sending message 112 to peer 0x56282a420bd0 (13 bytes)
1768083326.925956 sending message 112 to peer 0x56282a420bd0 (13 bytes)
1768083326.925960 sending message 112 to peer 0x56282a420bd0 (13 bytes)
1768083326.925963 sending message 112 to peer 0x56282a420bd0 (13 bytes)
1768083326.925967 sending message 112 to peer 0x56282a420bd0 (13 bytes)
1768083326.925970 sending message 112 to peer 0x56282a420bd0 (10 bytes)
1768083326.925974 sending message 112 to peer 0x56282a420bd0 (13 bytes)
1768083326.925977 sending message 112 to peer 0x56282a420bd0 (12 bytes)
1768083326.925980 sending message 112 to peer 0x56282a420bd0 (12 bytes)
1768083326.925984 sending message 112 to peer 0x56282a420bd0 (12 bytes)
1768083326.925987 sending message 112 to peer 0x56282a420bd0 (10 bytes)
1768083326.925991 sending message 112 to peer 0x56282a420bd0 (10 bytes)
1768083326.925994 sending message 112 to peer 0x56282a420bd0 (10 bytes)
1768083326.925998 sending message 112 to peer 0x56282a420bd0 (12 bytes)
1768083326.926001 sending message 112 to peer 0x56282a420bd0 (13 bytes)
1768083326.926005 sending message 112 to peer 0x56282a420bd0 (13 bytes)
1768083326.926008 sending message 112 to peer 0x56282a420bd0 (13 bytes)
1768083326.926012 sending message 112 to peer 0x56282a420bd0 (13 bytes)
1768083326.926015 sending message 112 to peer 0x56282a420bd0 (13 bytes)
1768083326.926018 sending message 112 to peer 0x56282a420bd0 (11 bytes)
1768083326.926022 sending message 112 to peer 0x56282a420bd0 (11 bytes)
1768083326.926025 sending message 112 to peer 0x56282a420bd0 (12 bytes)
1768083326.926029 sending message 112 to peer 0x56282a420bd0 (12 bytes)
1768083326.926032 sending message 112 to peer 0x56282a420bd0 (12 bytes)
1768083326.926036 sending message 112 to peer 0x56282a420bd0 (12 bytes)
1768083326.926039 sending message 112 to peer 0x56282a420bd0 (12 bytes)
1768083326.926043 sending message 112 to peer 0x56282a420bd0 (11 bytes)
1768083326.926046 sending message 112 to peer 0x56282a420bd0 (12 bytes)
1768083326.926049 sending message 112 to peer 0x56282a420bd0 (12 bytes)
1768083326.926053 sending message 112 to peer 0x56282a420bd0 (13 bytes)
1768083326.926056 sending message 112 to peer 0x56282a420bd0 (13 bytes)
1768083326.926060 sending message 112 to peer 0x56282a420bd0 (13 bytes)
1768083326.926063 sending message 112 to peer 0x56282a420bd0 (13 bytes)
1768083326.926067 sending message 112 to peer 0x56282a420bd0 (13 bytes)
1768083326.926070 sending message 112 to peer 0x56282a420bd0 (10 bytes)
1768083326.926074 sending message 112 to peer 0x56282a420bd0 (9 bytes)
1768083326.926077 sending message 112 to peer 0x56282a420bd0 (12 bytes)
1768083326.926080 sending message 112 to peer 0x56282a420bd0 (13 bytes)
1768083326.926084 sending message 112 to peer 0x56282a420bd0 (13 bytes)
1768083326.926087 sending message 112 to peer 0x56282a420bd0 (13 bytes)
1768083326.926091 sending message 112 to peer 0x56282a420bd0 (13 bytes)
1768083326.926094 sending message 112 to peer 0x56282a420bd0 (13 bytes)
1768083326.926100 sending message 112 to peer 0x56282a420bd0 (9 bytes)
1768083326.926105 sending message 112 to peer 0x56282a420bd0 (12 bytes)
1768083326.926109 sending message 112 to peer 0x56282a420bd0 (13 bytes)
1768083326.926112 sending message 112 to peer 0x56282a420bd0 (13 bytes)
1768083326.926116 sending message 112 to peer 0x56282a420bd0 (13 bytes)
1768083326.926119 sending message 112 to peer 0x56282a420bd0 (13 bytes)
1768083326.926123 sending message 112 to peer 0x56282a420bd0 (13 bytes)
1768083326.926126 sending message 112 to peer 0x56282a420bd0 (11 bytes)
1768083326.926130 sending message 112 to peer 0x56282a420bd0 (12 bytes)
1768083326.926133 sending message 112 to peer 0x56282a420bd0 (13 bytes)
1768083326.926137 sending message 112 to peer 0x56282a420bd0 (13 bytes)
1768083326.926140 sending message 112 to peer 0x56282a420bd0 (13 bytes)
1768083326.926143 sending message 112 to peer 0x56282a420bd0 (13 bytes)
1768083326.926147 sending message 112 to peer 0x56282a420bd0 (13 bytes)
1768083326.926150 sending message 112 to peer 0x56282a420bd0 (11 bytes)
1768083326.926154 sending message 112 to peer 0x56282a420bd0 (12 bytes)
1768083326.926157 sending message 112 to peer 0x56282a420bd0 (12 bytes)
1768083326.926161 sending message 112 to peer 0x56282a420bd0 (12 bytes)
1768083326.926164 sending message 112 to peer 0x56282a420bd0 (12 bytes)
1768083326.926168 sending message 112 to peer 0x56282a420bd0 (12 bytes)
1768083326.926171 sending message 112 to peer 0x56282a420bd0 (21 bytes)
1768083326.926174 sending message 112 to peer 0x56282a420bd0 (12 bytes)
1768083326.926178 sending message 112 to peer 0x56282a420bd0 (9 bytes)
1768083326.926181 sending message 112 to peer 0x56282a420bd0 (6 bytes)
1768083326.926185 sending message 112 to peer 0x56282a420bd0 (13 bytes)
1768083326.926188 sending message 112 to peer 0x56282a420bd0 (8 bytes)
1768083326.926192 sending message 112 to peer 0x56282a420bd0 (15 bytes)
1768083326.926195 sending message 112 to peer 0x56282a420bd0 (13 bytes)
1768083326.926199 sending message 112 to peer 0x56282a420bd0 (9 bytes)
1768083326.926202 sending message 112 to peer 0x56282a420bd0 (70 bytes)
1768083326.926206 sending message 112 to peer 0x56282a420bd0 (69 bytes)
1768083326.926209 sending message 112 to peer 0x56282a420bd0 (10 bytes)
1768083326.926213 sending message 112 to peer 0x56282a420bd0 (10 bytes)
1768083326.926216 sending message 112 to peer 0x56282a420bd0 (8 bytes)
1768083326.926220 sending message 112 to peer 0x56282a420bd0 (15 bytes)
1768083326.926223 sending message 112 to peer 0x56282a420bd0 (13 bytes)
1768083326.926227 sending message 112 to peer 0x56282a420bd0 (10 bytes)
1768083326.926230 sending message 112 to peer 0x56282a420bd0 (10 bytes)
1768083326.926234 sending message 112 to peer 0x56282a420bd0 (17 bytes)
1768083326.926237 sending message 112 to peer 0x56282a420bd0 (10 bytes)
1768083326.926241 sending message 112 to peer 0x56282a420bd0 (13 bytes)
1768083326.926244 sending message 112 to peer 0x56282a420bd0 (9 bytes)
1768083326.926248 sending message 112 to peer 0x56282a420bd0 (5 bytes)
1768083326.926251 sending message 112 to peer 0x56282a420bd0 (15 bytes)
1768083326.926255 sending message 104 to peer 0x56282a420bd0 (0 bytes)
1768083326.926260 sending message 110 to peer 0x56282a420bd0 (0 bytes)
1768083326.926264 sending message 107 to peer 0x56282a420bd0 (4 bytes)
1768083326.926267 sending message 105 to peer 0x56282a420bd0 (20 bytes)
1768083326.926271 sending message 105 to peer 0x56282a420bd0 (26 bytes)
1768083326.926274 sending message 105 to peer 0x56282a420bd0 (54 bytes)
1768083326.926278 sending message 105 to peer 0x56282a420bd0 (81 bytes)
1768083326.926281 sending message 105 to peer 0x56282a420bd0 (30 bytes)
1768083326.926285 sending message 105 to peer 0x56282a420bd0 (11 bytes)
1768083326.926288 sending message 105 to peer 0x56282a420bd0 (12 bytes)
1768083326.926292 sending message 105 to peer 0x56282a420bd0 (24 bytes)
1768083326.926295 sending message 105 to peer 0x56282a420bd0 (56 bytes)
1768083326.926299 sending message 105 to peer 0x56282a420bd0 (20 bytes)
1768083326.926304 sending message 105 to peer 0x56282a420bd0 (23 bytes)
1768083326.926309 sending message 105 to peer 0x56282a420bd0 (55 bytes)
1768083326.926313 sending message 105 to peer 0x56282a420bd0 (64 bytes)
1768083326.926316 sending message 105 to peer 0x56282a420bd0 (19 bytes)
1768083326.926320 sending message 105 to peer 0x56282a420bd0 (50 bytes)
1768083326.926323 sending message 105 to peer 0x56282a420bd0 (43 bytes)
1768083326.926327 sending message 105 to peer 0x56282a420bd0 (56 bytes)
1768083326.926330 sending message 105 to peer 0x56282a420bd0 (19 bytes)
1768083326.926334 sending message 105 to peer 0x56282a420bd0 (38 bytes)
1768083326.926337 sending message 105 to peer 0x56282a420bd0 (91 bytes)
1768083326.926341 sending message 105 to peer 0x56282a420bd0 (124 bytes)
1768083326.926344 sending message 105 to peer 0x56282a420bd0 (47 bytes)
1768083326.926348 sending message 105 to peer 0x56282a420bd0 (23 bytes)
1768083326.926351 sending message 105 to peer 0x56282a420bd0 (38 bytes)
1768083326.926355 sending message 105 to peer 0x56282a420bd0 (15 bytes)
1768083326.926358 sending message 105 to peer 0x56282a420bd0 (60 bytes)
1768083326.926362 sending message 105 to peer 0x56282a420bd0 (18 bytes)
1768083326.926365 sending message 105 to peer 0x56282a420bd0 (17 bytes)
1768083326.926369 sending message 105 to peer 0x56282a420bd0 (23 bytes)
1768083326.926372 sending message 105 to peer 0x56282a420bd0 (30 bytes)
1768083326.926375 sending message 105 to peer 0x56282a420bd0 (27 bytes)
1768083326.926379 sending message 105 to peer 0x56282a420bd0 (24 bytes)
1768083326.926382 sending message 105 to peer 0x56282a420bd0 (20 bytes)
1768083326.926386 sending message 105 to peer 0x56282a420bd0 (23 bytes)
1768083326.926389 sending message 105 to peer 0x56282a420bd0 (21 bytes)
1768083326.926393 sending message 105 to peer 0x56282a420bd0 (25 bytes)
1768083326.926396 sending message 105 to peer 0x56282a420bd0 (20 bytes)
1768083326.926400 sending message 105 to peer 0x56282a420bd0 (8 bytes)
1768083326.926403 sending message 105 to peer 0x56282a420bd0 (26 bytes)
1768083326.926407 sending message 105 to peer 0x56282a420bd0 (21 bytes)
1768083326.926410 sending message 105 to peer 0x56282a420bd0 (25 bytes)
1768083326.926414 sending message 105 to peer 0x56282a420bd0 (16 bytes)
1768083326.926417 sending message 105 to peer 0x56282a420bd0 (32 bytes)
1768083326.926421 sending message 105 to peer 0x56282a420bd0 (1917 bytes)
1768083326.926433 sending message 105 to peer 0x56282a420bd0 (29 bytes)
1768083326.926437 sending message 105 to peer 0x56282a420bd0 (16 bytes)
1768083326.926441 sending message 105 to peer 0x56282a420bd0 (20 bytes)
1768083326.926444 sending message 105 to peer 0x56282a420bd0 (148 bytes)
1768083326.926448 sending message 105 to peer 0x56282a420bd0 (51 bytes)
1768083326.926451 sending message 105 to peer 0x56282a420bd0 (15 bytes)
1768083326.926455 sending message 105 to peer 0x56282a420bd0 (21 bytes)
1768083326.926458 sending message 105 to peer 0x56282a420bd0 (44 bytes)
1768083326.926462 sending message 105 to peer 0x56282a420bd0 (39 bytes)
1768083326.926466 sending message 105 to peer 0x56282a420bd0 (12 bytes)
1768083326.926469 sending message 105 to peer 0x56282a420bd0 (11 bytes)
1768083326.926473 sending message 105 to peer 0x56282a420bd0 (513 bytes)
1768083326.926476 sending message 105 to peer 0x56282a420bd0 (52 bytes)
1768083326.926480 sending message 105 to peer 0x56282a420bd0 (31 bytes)
1768083326.926483 sending message 105 to peer 0x56282a420bd0 (19 bytes)
1768083326.926487 sending message 105 to peer 0x56282a420bd0 (8 bytes)
1768083326.926506 sending message 105 to peer 0x56282a420bd0 (22 bytes)
1768083326.926514 sending message 105 to peer 0x56282a420bd0 (19 bytes)
1768083326.926518 sending message 105 to peer 0x56282a420bd0 (33 bytes)
1768083326.926522 sending message 105 to peer 0x56282a420bd0 (18 bytes)
1768083326.926525 sending message 105 to peer 0x56282a420bd0 (26 bytes)
1768083326.926528 sending message 105 to peer 0x56282a420bd0 (35 bytes)
1768083326.926531 sending message 105 to peer 0x56282a420bd0 (13 bytes)
1768083326.926537 sending message 105 to peer 0x56282a420bd0 (13 bytes)
1768083326.926543 sending message 105 to peer 0x56282a420bd0 (124 bytes)
1768083326.926546 sending message 105 to peer 0x56282a420bd0 (47 bytes)
1768083326.926549 sending message 105 to peer 0x56282a420bd0 (12 bytes)
1768083326.926552 sending message 105 to peer 0x56282a420bd0 (32 bytes)
1768083326.926554 sending message 105 to peer 0x56282a420bd0 (26 bytes)
1768083326.926557 sending message 105 to peer 0x56282a420bd0 (16 bytes)
1768083326.926560 sending message 105 to peer 0x56282a420bd0 (20 bytes)
1768083326.926563 sending message 105 to peer 0x56282a420bd0 (36 bytes)
1768083326.926566 sending message 105 to peer 0x56282a420bd0 (25 bytes)
1768083326.926569 sending message 105 to peer 0x56282a420bd0 (38 bytes)
1768083326.926571 sending message 105 to peer 0x56282a420bd0 (29 bytes)
1768083326.926574 sending message 105 to peer 0x56282a420bd0 (42 bytes)
1768083326.926577 sending message 105 to peer 0x56282a420bd0 (41 bytes)
1768083326.926580 sending message 105 to peer 0x56282a420bd0 (26 bytes)
1768083326.926582 sending message 105 to peer 0x56282a420bd0 (31 bytes)
1768083326.926585 sending message 105 to peer 0x56282a420bd0 (15 bytes)
1768083326.926588 sending message 105 to peer 0x56282a420bd0 (52 bytes)
1768083326.926591 sending message 105 to peer 0x56282a420bd0 (23 bytes)
1768083326.926594 sending message 105 to peer 0x56282a420bd0 (29 bytes)
1768083326.926596 sending message 105 to peer 0x56282a420bd0 (17 bytes)
1768083326.926599 sending message 105 to peer 0x56282a420bd0 (58 bytes)
1768083326.926602 sending message 105 to peer 0x56282a420bd0 (25 bytes)
1768083326.926605 sending message 105 to peer 0x56282a420bd0 (42 bytes)
1768083326.926608 sending message 105 to peer 0x56282a420bd0 (11 bytes)
1768083326.926610 sending message 105 to peer 0x56282a420bd0 (25 bytes)
1768083326.926613 sending message 105 to peer 0x56282a420bd0 (16 bytes)
1768083326.926616 sending message 105 to peer 0x56282a420bd0 (30 bytes)
1768083326.926619 sending message 105 to peer 0x56282a420bd0 (24 bytes)
1768083326.926621 sending message 105 to peer 0x56282a420bd0 (20 bytes)
1768083326.926624 sending message 105 to peer 0x56282a420bd0 (10 bytes)
1768083326.926627 sending message 106 to peer 0x56282a420bd0 (0 bytes)
1768083326.926654 sending message 200 to peer 0x56282a420bd0 (4 bytes)
1768083326.926657 client loop enter
1768083326.926800 peer 0x56282a420bd0 message 303
1768083326.926807 open write file 2 -
1768083326.926815 sending message 305 to peer 0x56282a420bd0 (8 bytes)
1768083326.926821 write check file 2
1768083326.926850 peer 0x56282a420bd0 message 304
1768083326.926854 write 58 to file 2
1768083326.926867 peer 0x56282a420bd0 message 203
1768083326.926871 file 2 58 bytes left
1768083326.926880 write check file 2
1768083326.926883 client loop exit
